<?xml version="1.0" encoding="UTF-8"?>
<!-- Generated by org.testng.reporters.JUnitReportReporter -->
<testsuite hostname="LAPTOP-QS5NI1OE" failures="0" tests="4" name="Sample.Sample23" time="0.022" errors="0" timestamp="2023-07-07T17:21:59 IST" skipped="0">
  <testcase classname="Sample.Sample23" name="sendmail" time="0.001"/>
  <testcase classname="Sample.Sample23" name="logout" time="0.001"/>
  <testcase classname="Sample.Sample23" name="compse" time="0.018"/>
  <testcase classname="Sample.Sample23" name="login" time="0.002"/>
</testsuite> <!-- Sample.Sample23 -->
