<?xml version="1.0" encoding="UTF-8"?>
<!-- Generated by org.testng.reporters.JUnitReportReporter -->
<testsuite hostname="LAPTOP-QS5NI1OE" failures="0" tests="1" name="Project1.Verify" time="12.859" errors="0" timestamp="2023-07-07T19:23:21 IST" skipped="0">
  <testcase classname="Project1.Verify" name="Multi" time="12.859"/>
</testsuite> <!-- Project1.Verify -->
