<?xml version="1.0" encoding="UTF-8"?>
<!-- Generated by org.testng.reporters.JUnitReportReporter -->
<testsuite hostname="LAPTOP-QS5NI1OE" failures="0" tests="7" name="Sample.Sample_Project2" time="27.495" errors="0" timestamp="2023-07-07T18:40:19 IST" skipped="0">
  <testcase classname="Sample.Sample_Project2" name="setup" time="3.673"/>
  <testcase classname="Sample.Sample_Project2" name="setup" time="3.080"/>
  <testcase classname="Sample.Sample_Project2" name="setup" time="3.163"/>
  <testcase classname="Sample.Sample_Project2" name="setup" time="4.291"/>
  <testcase classname="Sample.Sample_Project2" name="setup" time="3.881"/>
  <testcase classname="Sample.Sample_Project2" name="setup" time="3.928"/>
  <testcase classname="Sample.Sample_Project2" name="setup" time="5.479"/>
</testsuite> <!-- Sample.Sample_Project2 -->
